<?xml version="1.0" encoding="UTF-8"?>
<!-- Generated by org.testng.reporters.JUnitReportReporter -->
<testsuite hostname="DESKTOP-OL7ELR1" failures="0" tests="2" name="allCommonPractice.TestNGAnnotations" time="0.014" errors="0" timestamp="2022-08-19T13:52:19 IST" skipped="0">
  <testcase classname="allCommonPractice.TestNGAnnotations" name="class1test3" time="0.004"/>
  <system-out/>
  <testcase classname="allCommonPractice.TestNGAnnotations" name="class1test1" time="0.010"/>
  <system-out/>
</testsuite> <!-- allCommonPractice.TestNGAnnotations -->
