<?xml version="1.0" encoding="UTF-8"?>
<!-- Generated by org.testng.reporters.JUnitReportReporter -->
<testsuite hostname="DESKTOP-OL7ELR1" failures="0" tests="1" name="testNGParameters.Params" time="0.009" errors="0" timestamp="2022-07-27T17:54:56 IST" skipped="0">
  <testcase classname="testNGParameters.Params" name="Sum" time="0.009"/>
  <system-out/>
</testsuite> <!-- testNGParameters.Params -->
