<?xml version="1.0" encoding="UTF-8"?>
<!-- Generated by org.testng.reporters.JUnitReportReporter -->
<testsuite hostname="DESKTOP-OL7ELR1" failures="0" tests="1" name="com.magento.test.TC_MoreProduct_003" time="14.003" errors="0" timestamp="2022-11-10T09:38:22 IST" skipped="0">
  <testcase classname="com.magento.test.TC_MoreProduct_003" name="productCount" time="14.003"/>
  <system-out/>
</testsuite> <!-- com.magento.test.TC_MoreProduct_003 -->
