<?xml version="1.0" encoding="UTF-8"?>
<!-- Generated by org.testng.reporters.JUnitReportReporter -->
<testsuite hostname="DESKTOP-OL7ELR1" failures="0" tests="1" name="allCommonPractice.TestNGExceptions" time="0.012" errors="0" timestamp="2022-08-19T14:26:18 IST" skipped="0">
  <testcase classname="allCommonPractice.TestNGExceptions" name="testException" time="0.012"/>
  <system-out/>
</testsuite> <!-- allCommonPractice.TestNGExceptions -->
