<?xml version="1.0" encoding="UTF-8"?>
<!-- Generated by org.testng.reporters.JUnitReportReporter -->
<testsuite hostname="DESKTOP-OL7ELR1" failures="0" tests="4" name="readMultipleDataFromExcelFile.Registration" time="41.256" errors="0" timestamp="2022-09-15T12:35:13 IST" skipped="0">
  <testcase classname="readMultipleDataFromExcelFile.Registration" name="registration" time="10.191"/>
  <system-out/>
  <testcase classname="readMultipleDataFromExcelFile.Registration" name="registration" time="12.899"/>
  <system-out/>
  <testcase classname="readMultipleDataFromExcelFile.Registration" name="registration" time="9.662"/>
  <system-out/>
  <testcase classname="readMultipleDataFromExcelFile.Registration" name="registration" time="8.504"/>
  <system-out/>
</testsuite> <!-- readMultipleDataFromExcelFile.Registration -->
