<?xml version="1.0" encoding="UTF-8"?>
<!-- Generated by org.testng.reporters.JUnitReportReporter -->
<testsuite hostname="DESKTOP-OL7ELR1" failures="0" tests="1" name="com.magento.test.TC_MobileValue_002" time="25.183" errors="0" timestamp="2022-11-09T12:48:17 IST" skipped="0">
  <testcase classname="com.magento.test.TC_MobileValue_002" name="mobileValue" time="25.183"/>
  <system-out/>
</testsuite> <!-- com.magento.test.TC_MobileValue_002 -->
