<?xml version="1.0" encoding="UTF-8"?>
<!-- Generated by org.testng.reporters.JUnitReportReporter -->
<testsuite hostname="DESKTOP-OL7ELR1" failures="0" tests="2" name="com.magento.test.TC_CreateAccountShareWishlist_005" time="12.633" errors="0" timestamp="2022-11-08T17:31:02 IST" skipped="0">
  <testcase classname="com.magento.test.TC_CreateAccountShareWishlist_005" name="createAccount" time="5.479"/>
  <system-out/>
  <testcase classname="com.magento.test.TC_CreateAccountShareWishlist_005" name="shareWishList" time="7.154"/>
  <system-out/>
</testsuite> <!-- com.magento.test.TC_CreateAccountShareWishlist_005 -->
