<?xml version="1.0" encoding="UTF-8"?>
<!-- Generated by org.testng.reporters.JUnitReportReporter -->
<testsuite hostname="DESKTOP-OL7ELR1" failures="0" tests="2" name="dataProviderExample.UseDataProvider" time="0.010" errors="0" timestamp="2022-08-20T10:25:04 IST" skipped="0">
  <testcase classname="dataProviderExample.UseDataProvider" name="getValues" time="0.002"/>
  <system-out/>
  <testcase classname="dataProviderExample.UseDataProvider" name="getValues" time="0.008"/>
  <system-out/>
</testsuite> <!-- dataProviderExample.UseDataProvider -->
