<?xml version="1.0" encoding="UTF-8"?>
<!-- Generated by org.testng.reporters.JUnitReportReporter -->
<testsuite hostname="DESKTOP-OL7ELR1" failures="0" tests="1" name="allCommonPractice.CheckXpaths" time="10.000" errors="0" timestamp="2022-11-05T16:44:26 IST" skipped="0">
  <testcase classname="allCommonPractice.CheckXpaths" name="executeCode" time="10.000"/>
  <system-out/>
</testsuite> <!-- allCommonPractice.CheckXpaths -->
